# JRE version: OpenJDK Runtime Environment (8.0_222-b10) (build 1.8.0_222-8u222-b10-1ubuntu1~16.04.1-b10)
# Java VM: OpenJDK 64-Bit Server VM (25.222-b10 mixed mode linux-amd64 compressed oops)
Heap:
 PSYoungGen      total 86528K, used 36186K [0x00000000fab00000, 0x0000000100000000, 0x0000000100000000)
  eden space 86016K, 42% used [0x00000000fab00000,0x00000000fce4e930,0x00000000fff00000)
  from space 512K, 6% used [0x00000000fff80000,0x00000000fff88000,0x0000000100000000)
  to   space 512K, 0% used [0x00000000fff00000,0x00000000fff00000,0x00000000fff80000)
 ParOldGen       total 127488K, used 33140K [0x00000000f0000000, 0x00000000f7c80000, 0x00000000fab00000)
  object space 127488K, 25% used [0x00000000f0000000,0x00000000f205d158,0x00000000f7c80000)
 Metaspace       used 40906K, capacity 41164K, committed 41856K, reserved 1085440K
  class space    used 4810K, capacity 4900K, committed 4992K, reserved 1048576K
GC Heap History (10 events):
Event: 1456.881 GC heap before
{Heap before GC invocations=515 (full 3):
 PSYoungGen      total 86528K, used 86048K [0x00000000fab00000, 0x0000000100000000, 0x0000000100000000)
  eden space 86016K, 100% used [0x00000000fab00000,0x00000000fff00000,0x00000000fff00000)
  from space 512K, 6% used [0x00000000fff00000,0x00000000fff08000,0x00000000fff80000)
  to   space 512K, 0% used [0x00000000fff80000,0x00000000fff80000,0x0000000100000000)
 ParOldGen       total 127488K, used 33140K [0x00000000f0000000, 0x00000000f7c80000, 0x00000000fab00000)
  object space 127488K, 25% used [0x00000000f0000000,0x00000000f205d158,0x00000000f7c80000)
 Metaspace       used 40906K, capacity 41164K, committed 41856K, reserved 1085440K
  class space    used 4810K, capacity 4900K, committed 4992K, reserved 1048576K
Event: 1456.882 GC heap after
Heap after GC invocations=515 (full 3):
 PSYoungGen      total 86528K, used 32K [0x00000000fab00000, 0x0000000100000000, 0x0000000100000000)
  eden space 86016K, 0% used [0x00000000fab00000,0x00000000fab00000,0x00000000fff00000)
  from space 512K, 6% used [0x00000000fff80000,0x00000000fff88000,0x0000000100000000)
  to   space 512K, 0% used [0x00000000fff00000,0x00000000fff00000,0x00000000fff80000)
 ParOldGen       total 127488K, used 33140K [0x00000000f0000000, 0x00000000f7c80000, 0x00000000fab00000)
  object space 127488K, 25% used [0x00000000f0000000,0x00000000f205d158,0x00000000f7c80000)
 Metaspace       used 40906K, capacity 41164K, committed 41856K, reserved 1085440K
  class space    used 4810K, capacity 4900K, committed 4992K, reserved 1048576K
}
Event: 1456.887 GC heap before
{Heap before GC invocations=516 (full 3):
 PSYoungGen      total 86528K, used 86048K [0x00000000fab00000, 0x0000000100000000, 0x0000000100000000)
  eden space 86016K, 100% used [0x00000000fab00000,0x00000000fff00000,0x00000000fff00000)
  from space 512K, 6% used [0x00000000fff80000,0x00000000fff88000,0x0000000100000000)
  to   space 512K, 0% used [0x00000000fff00000,0x00000000fff00000,0x00000000fff80000)
 ParOldGen       total 127488K, used 33140K [0x00000000f0000000, 0x00000000f7c80000, 0x00000000fab00000)
  object space 127488K, 25% used [0x00000000f0000000,0x00000000f205d158,0x00000000f7c80000)
 Metaspace       used 40906K, capacity 41164K, committed 41856K, reserved 1085440K
  class space    used 4810K, capacity 4900K, committed 4992K, reserved 1048576K
Event: 1456.889 GC heap after
Heap after GC invocations=516 (full 3):
 PSYoungGen      total 86528K, used 32K [0x00000000fab00000, 0x0000000100000000, 0x0000000100000000)
  eden space 86016K, 0% used [0x00000000fab00000,0x00000000fab00000,0x00000000fff00000)
  from space 512K, 6% used [0x00000000fff00000,0x00000000fff08000,0x00000000fff80000)
  to   space 512K, 0% used [0x00000000fff80000,0x00000000fff80000,0x0000000100000000)
 ParOldGen       total 127488K, used 33140K [0x00000000f0000000, 0x00000000f7c80000, 0x00000000fab00000)
  object space 127488K, 25% used [0x00000000f0000000,0x00000000f205d158,0x00000000f7c80000)
 Metaspace       used 40906K, capacity 41164K, committed 41856K, reserved 1085440K
  class space    used 4810K, capacity 4900K, committed 4992K, reserved 1048576K
}
Event: 1456.897 GC heap before
{Heap before GC invocations=517 (full 3):
 PSYoungGen      total 86528K, used 86048K [0x00000000fab00000, 0x0000000100000000, 0x0000000100000000)
  eden space 86016K, 100% used [0x00000000fab00000,0x00000000fff00000,0x00000000fff00000)
  from space 512K, 6% used [0x00000000fff00000,0x00000000fff08000,0x00000000fff80000)
  to   space 512K, 0% used [0x00000000fff80000,0x00000000fff80000,0x0000000100000000)
 ParOldGen       total 127488K, used 33140K [0x00000000f0000000, 0x00000000f7c80000, 0x00000000fab00000)
  object space 127488K, 25% used [0x00000000f0000000,0x00000000f205d158,0x00000000f7c80000)
 Metaspace       used 40906K, capacity 41164K, committed 41856K, reserved 1085440K
  class space    used 4810K, capacity 4900K, committed 4992K, reserved 1048576K
Event: 1456.899 GC heap after
Heap after GC invocations=517 (full 3):
 PSYoungGen      total 86528K, used 32K [0x00000000fab00000, 0x0000000100000000, 0x0000000100000000)
  eden space 86016K, 0% used [0x00000000fab00000,0x00000000fab00000,0x00000000fff00000)
  from space 512K, 6% used [0x00000000fff80000,0x00000000fff88000,0x0000000100000000)
  to   space 512K, 0% used [0x00000000fff00000,0x00000000fff00000,0x00000000fff80000)
 ParOldGen       total 127488K, used 33140K [0x00000000f0000000, 0x00000000f7c80000, 0x00000000fab00000)
  object space 127488K, 25% used [0x00000000f0000000,0x00000000f205d158,0x00000000f7c80000)
 Metaspace       used 40906K, capacity 41164K, committed 41856K, reserved 1085440K
  class space    used 4810K, capacity 4900K, committed 4992K, reserved 1048576K
}
Event: 1456.908 GC heap before
{Heap before GC invocations=518 (full 3):
 PSYoungGen      total 86528K, used 86048K [0x00000000fab00000, 0x0000000100000000, 0x0000000100000000)
  eden space 86016K, 100% used [0x00000000fab00000,0x00000000fff00000,0x00000000fff00000)
  from space 512K, 6% used [0x00000000fff80000,0x00000000fff88000,0x0000000100000000)
  to   space 512K, 0% used [0x00000000fff00000,0x00000000fff00000,0x00000000fff80000)
 ParOldGen       total 127488K, used 33140K [0x00000000f0000000, 0x00000000f7c80000, 0x00000000fab00000)
  object space 127488K, 25% used [0x00000000f0000000,0x00000000f205d158,0x00000000f7c80000)
 Metaspace       used 40906K, capacity 41164K, committed 41856K, reserved 1085440K
  class space    used 4810K, capacity 4900K, committed 4992K, reserved 1048576K
Event: 1456.909 GC heap after
Heap after GC invocations=518 (full 3):
 PSYoungGen      total 86528K, used 32K [0x00000000fab00000, 0x0000000100000000, 0x0000000100000000)
  eden space 86016K, 0% used [0x00000000fab00000,0x00000000fab00000,0x00000000fff00000)
  from space 512K, 6% used [0x00000000fff00000,0x00000000fff08000,0x00000000fff80000)
  to   space 512K, 0% used [0x00000000fff80000,0x00000000fff80000,0x0000000100000000)
 ParOldGen       total 127488K, used 33140K [0x00000000f0000000, 0x00000000f7c80000, 0x00000000fab00000)
  object space 127488K, 25% used [0x00000000f0000000,0x00000000f205d158,0x00000000f7c80000)
 Metaspace       used 40906K, capacity 41164K, committed 41856K, reserved 1085440K
  class space    used 4810K, capacity 4900K, committed 4992K, reserved 1048576K
}
Event: 1456.916 GC heap before
{Heap before GC invocations=519 (full 3):
 PSYoungGen      total 86528K, used 86048K [0x00000000fab00000, 0x0000000100000000, 0x0000000100000000)
  eden space 86016K, 100% used [0x00000000fab00000,0x00000000fff00000,0x00000000fff00000)
  from space 512K, 6% used [0x00000000fff00000,0x00000000fff08000,0x00000000fff80000)
  to   space 512K, 0% used [0x00000000fff80000,0x00000000fff80000,0x0000000100000000)
 ParOldGen       total 127488K, used 33140K [0x00000000f0000000, 0x00000000f7c80000, 0x00000000fab00000)
  object space 127488K, 25% used [0x00000000f0000000,0x00000000f205d158,0x00000000f7c80000)
 Metaspace       used 40906K, capacity 41164K, committed 41856K, reserved 1085440K
  class space    used 4810K, capacity 4900K, committed 4992K, reserved 1048576K
Event: 1456.917 GC heap after
Heap after GC invocations=519 (full 3):
 PSYoungGen      total 86528K, used 32K [0x00000000fab00000, 0x0000000100000000, 0x0000000100000000)
  eden space 86016K, 0% used [0x00000000fab00000,0x00000000fab00000,0x00000000fff00000)
  from space 512K, 6% used [0x00000000fff80000,0x00000000fff88000,0x0000000100000000)
  to   space 512K, 0% used [0x00000000fff00000,0x00000000fff00000,0x00000000fff80000)
 ParOldGen       total 127488K, used 33140K [0x00000000f0000000, 0x00000000f7c80000, 0x00000000fab00000)
  object space 127488K, 25% used [0x00000000f0000000,0x00000000f205d158,0x00000000f7c80000)
 Metaspace       used 40906K, capacity 41164K, committed 41856K, reserved 1085440K
  class space    used 4810K, capacity 4900K, committed 4992K, reserved 1048576K
}

